# JRE version: Java(TM) SE Runtime Environment (8.0_144-b01) (build 1.8.0_144-b01)
# Java VM: Java HotSpot(TM) 64-Bit Server VM (25.144-b01 mixed mode windows-amd64 compressed oops)
Heap:
 PSYoungGen      total 79360K, used 63767K [0x00000000d5800000, 0x00000000dcc00000, 0x0000000100000000)
  eden space 67072K, 95% used [0x00000000d5800000,0x00000000d9645e10,0x00000000d9980000)
  from space 12288K, 0% used [0x00000000d9980000,0x00000000d9980000,0x00000000da580000)
  to   space 14336K, 0% used [0x00000000dbe00000,0x00000000dbe00000,0x00000000dcc00000)
 ParOldGen       total 107520K, used 21237K [0x0000000080800000, 0x0000000087100000, 0x00000000d5800000)
  object space 107520K, 19% used [0x0000000080800000,0x0000000081cbd680,0x0000000087100000)
 Metaspace       used 41110K, capacity 42104K, committed 42536K, reserved 1085440K
  class space    used 7201K, capacity 7434K, committed 7472K, reserved 1048576K
GC Heap History (10 events):
Event: 25.164 GC heap before
{Heap before GC invocations=7 (full 1):
 PSYoungGen      total 38400K, used 37057K [0x00000000d5800000, 0x00000000d9f80000, 0x0000000100000000)
  eden space 33280K, 100% used [0x00000000d5800000,0x00000000d7880000,0x00000000d7880000)
  from space 5120K, 73% used [0x00000000d7880000,0x00000000d7c30728,0x00000000d7d80000)
  to   space 12288K, 0% used [0x00000000d9380000,0x00000000d9380000,0x00000000d9f80000)
 ParOldGen       total 71168K, used 13686K [0x0000000080800000, 0x0000000084d80000, 0x00000000d5800000)
  object space 71168K, 19% used [0x0000000080800000,0x000000008155d8b8,0x0000000084d80000)
 Metaspace       used 28443K, capacity 29370K, committed 29744K, reserved 1073152K
  class space    used 4844K, capacity 5055K, committed 5168K, reserved 1048576K
Event: 25.176 GC heap after
Heap after GC invocations=7 (full 1):
 PSYoungGen      total 56832K, used 5352K [0x00000000d5800000, 0x00000000d9d00000, 0x0000000100000000)
  eden space 47104K, 0% used [0x00000000d5800000,0x00000000d5800000,0x00000000d8600000)
  from space 9728K, 55% used [0x00000000d9380000,0x00000000d98ba180,0x00000000d9d00000)
  to   space 11776K, 0% used [0x00000000d8600000,0x00000000d8600000,0x00000000d9180000)
 ParOldGen       total 71168K, used 13686K [0x0000000080800000, 0x0000000084d80000, 0x00000000d5800000)
  object space 71168K, 19% used [0x0000000080800000,0x000000008155d8b8,0x0000000084d80000)
 Metaspace       used 28443K, capacity 29370K, committed 29744K, reserved 1073152K
  class space    used 4844K, capacity 5055K, committed 5168K, reserved 1048576K
}
Event: 27.424 GC heap before
{Heap before GC invocations=8 (full 1):
 PSYoungGen      total 56832K, used 52456K [0x00000000d5800000, 0x00000000d9d00000, 0x0000000100000000)
  eden space 47104K, 100% used [0x00000000d5800000,0x00000000d8600000,0x00000000d8600000)
  from space 9728K, 55% used [0x00000000d9380000,0x00000000d98ba180,0x00000000d9d00000)
  to   space 11776K, 0% used [0x00000000d8600000,0x00000000d8600000,0x00000000d9180000)
 ParOldGen       total 71168K, used 13686K [0x0000000080800000, 0x0000000084d80000, 0x00000000d5800000)
  object space 71168K, 19% used [0x0000000080800000,0x000000008155d8b8,0x0000000084d80000)
 Metaspace       used 29774K, capacity 30746K, committed 31152K, reserved 1075200K
  class space    used 5243K, capacity 5471K, committed 5552K, reserved 1048576K
Event: 27.448 GC heap after
Heap after GC invocations=8 (full 1):
 PSYoungGen      total 58880K, used 4731K [0x00000000d5800000, 0x00000000db100000, 0x0000000100000000)
  eden space 47104K, 0% used [0x00000000d5800000,0x00000000d5800000,0x00000000d8600000)
  from space 11776K, 40% used [0x00000000d8600000,0x00000000d8a9ecf8,0x00000000d9180000)
  to   space 11776K, 0% used [0x00000000da580000,0x00000000da580000,0x00000000db100000)
 ParOldGen       total 71168K, used 13686K [0x0000000080800000, 0x0000000084d80000, 0x00000000d5800000)
  object space 71168K, 19% used [0x0000000080800000,0x000000008155d8b8,0x0000000084d80000)
 Metaspace       used 29774K, capacity 30746K, committed 31152K, reserved 1075200K
  class space    used 5243K, capacity 5471K, committed 5552K, reserved 1048576K
}
Event: 29.674 GC heap before
{Heap before GC invocations=9 (full 1):
 PSYoungGen      total 58880K, used 51835K [0x00000000d5800000, 0x00000000db100000, 0x0000000100000000)
  eden space 47104K, 100% used [0x00000000d5800000,0x00000000d8600000,0x00000000d8600000)
  from space 11776K, 40% used [0x00000000d8600000,0x00000000d8a9ecf8,0x00000000d9180000)
  to   space 11776K, 0% used [0x00000000da580000,0x00000000da580000,0x00000000db100000)
 ParOldGen       total 71168K, used 13686K [0x0000000080800000, 0x0000000084d80000, 0x00000000d5800000)
  object space 71168K, 19% used [0x0000000080800000,0x000000008155d8b8,0x0000000084d80000)
 Metaspace       used 30835K, capacity 31834K, committed 32048K, reserved 1075200K
  class space    used 5431K, capacity 5663K, committed 5680K, reserved 1048576K
Event: 29.730 GC heap after
Heap after GC invocations=9 (full 1):
 PSYoungGen      total 78848K, used 9796K [0x00000000d5800000, 0x00000000db700000, 0x0000000100000000)
  eden space 67072K, 0% used [0x00000000d5800000,0x00000000d5800000,0x00000000d9980000)
  from space 11776K, 83% used [0x00000000da580000,0x00000000daf110a8,0x00000000db100000)
  to   space 12288K, 0% used [0x00000000d9980000,0x00000000d9980000,0x00000000da580000)
 ParOldGen       total 71168K, used 13694K [0x0000000080800000, 0x0000000084d80000, 0x00000000d5800000)
  object space 71168K, 19% used [0x0000000080800000,0x000000008155f8b8,0x0000000084d80000)
 Metaspace       used 30835K, capacity 31834K, committed 32048K, reserved 1075200K
  class space    used 5431K, capacity 5663K, committed 5680K, reserved 1048576K
}
Event: 33.705 GC heap before
{Heap before GC invocations=10 (full 1):
 PSYoungGen      total 78848K, used 47247K [0x00000000d5800000, 0x00000000db700000, 0x0000000100000000)
  eden space 67072K, 55% used [0x00000000d5800000,0x00000000d7c92c60,0x00000000d9980000)
  from space 11776K, 83% used [0x00000000da580000,0x00000000daf110a8,0x00000000db100000)
  to   space 12288K, 0% used [0x00000000d9980000,0x00000000d9980000,0x00000000da580000)
 ParOldGen       total 71168K, used 13694K [0x0000000080800000, 0x0000000084d80000, 0x00000000d5800000)
  object space 71168K, 19% used [0x0000000080800000,0x000000008155f8b8,0x0000000084d80000)
 Metaspace       used 34408K, capacity 35320K, committed 35496K, reserved 1079296K
  class space    used 6096K, capacity 6308K, committed 6320K, reserved 1048576K
Event: 33.768 GC heap after
Heap after GC invocations=10 (full 1):
 PSYoungGen      total 79360K, used 12286K [0x00000000d5800000, 0x00000000dcc00000, 0x0000000100000000)
  eden space 67072K, 0% used [0x00000000d5800000,0x00000000d5800000,0x00000000d9980000)
  from space 12288K, 99% used [0x00000000d9980000,0x00000000da57fb00,0x00000000da580000)
  to   space 14336K, 0% used [0x00000000dbe00000,0x00000000dbe00000,0x00000000dcc00000)
 ParOldGen       total 71168K, used 14356K [0x0000000080800000, 0x0000000084d80000, 0x00000000d5800000)
  object space 71168K, 20% used [0x0000000080800000,0x00000000816050d0,0x0000000084d80000)
 Metaspace       used 34408K, capacity 35320K, committed 35496K, reserved 1079296K
  class space    used 6096K, capacity 6308K, committed 6320K, reserved 1048576K
}
Event: 33.768 GC heap before
{Heap before GC invocations=11 (full 2):
 PSYoungGen      total 79360K, used 12286K [0x00000000d5800000, 0x00000000dcc00000, 0x0000000100000000)
  eden space 67072K, 0% used [0x00000000d5800000,0x00000000d5800000,0x00000000d9980000)
  from space 12288K, 99% used [0x00000000d9980000,0x00000000da57fb00,0x00000000da580000)
  to   space 14336K, 0% used [0x00000000dbe00000,0x00000000dbe00000,0x00000000dcc00000)
 ParOldGen       total 71168K, used 14356K [0x0000000080800000, 0x0000000084d80000, 0x00000000d5800000)
  object space 71168K, 20% used [0x0000000080800000,0x00000000816050d0,0x0000000084d80000)
 Metaspace       used 34408K, capacity 35320K, committed 35496K, reserved 1079296K
  class space    used 6096K, capacity 6308K, committed 6320K, reserved 1048576K
Event: 34.133 GC heap after
Heap after GC invocations=11 (full 2):
 PSYoungGen      total 79360K, used 0K [0x00000000d5800000, 0x00000000dcc00000, 0x0000000100000000)
  eden space 67072K, 0% used [0x00000000d5800000,0x00000000d5800000,0x00000000d9980000)
  from space 12288K, 0% used [0x00000000d9980000,0x00000000d9980000,0x00000000da580000)
  to   space 14336K, 0% used [0x00000000dbe00000,0x00000000dbe00000,0x00000000dcc00000)
 ParOldGen       total 107520K, used 21237K [0x0000000080800000, 0x0000000087100000, 0x00000000d5800000)
  object space 107520K, 19% used [0x0000000080800000,0x0000000081cbd680,0x0000000087100000)
 Metaspace       used 34408K, capacity 35320K, committed 35496K, reserved 1079296K
  class space    used 6096K, capacity 6308K, committed 6320K, reserved 1048576K
}

