# JRE version: Java(TM) SE Runtime Environment (8.0_144-b01) (build 1.8.0_144-b01)
# Java VM: Java HotSpot(TM) 64-Bit Server VM (25.144-b01 mixed mode windows-amd64 compressed oops)
Heap:
 PSYoungGen      total 38400K, used 28525K [0x00000000d5800000, 0x00000000da300000, 0x0000000100000000)
  eden space 33280K, 85% used [0x00000000d5800000,0x00000000d73db748,0x00000000d7880000)
  from space 5120K, 0% used [0x00000000d7d80000,0x00000000d7d80000,0x00000000d8280000)
  to   space 5120K, 0% used [0x00000000d7880000,0x00000000d7880000,0x00000000d7d80000)
 ParOldGen       total 72192K, used 15683K [0x0000000080800000, 0x0000000084e80000, 0x00000000d5800000)
  object space 72192K, 21% used [0x0000000080800000,0x0000000081750dd8,0x0000000084e80000)
 Metaspace       used 23538K, capacity 24314K, committed 24576K, reserved 1069056K
  class space    used 4083K, capacity 4281K, committed 4352K, reserved 1048576K
GC Heap History (10 events):
Event: 2.148 GC heap before
{Heap before GC invocations=1 (full 0):
 PSYoungGen      total 38400K, used 33280K [0x00000000d5800000, 0x00000000d8280000, 0x0000000100000000)
  eden space 33280K, 100% used [0x00000000d5800000,0x00000000d7880000,0x00000000d7880000)
  from space 5120K, 0% used [0x00000000d7d80000,0x00000000d7d80000,0x00000000d8280000)
  to   space 5120K, 0% used [0x00000000d7880000,0x00000000d7880000,0x00000000d7d80000)
 ParOldGen       total 87552K, used 0K [0x0000000080800000, 0x0000000085d80000, 0x00000000d5800000)
  object space 87552K, 0% used [0x0000000080800000,0x0000000080800000,0x0000000085d80000)
 Metaspace       used 9998K, capacity 10332K, committed 10624K, reserved 1058816K
  class space    used 1209K, capacity 1324K, committed 1408K, reserved 1048576K
Event: 2.167 GC heap after
Heap after GC invocations=1 (full 0):
 PSYoungGen      total 38400K, used 5110K [0x00000000d5800000, 0x00000000d8280000, 0x0000000100000000)
  eden space 33280K, 0% used [0x00000000d5800000,0x00000000d5800000,0x00000000d7880000)
  from space 5120K, 99% used [0x00000000d7880000,0x00000000d7d7d9f0,0x00000000d7d80000)
  to   space 5120K, 0% used [0x00000000d7d80000,0x00000000d7d80000,0x00000000d8280000)
 ParOldGen       total 87552K, used 2298K [0x0000000080800000, 0x0000000085d80000, 0x00000000d5800000)
  object space 87552K, 2% used [0x0000000080800000,0x0000000080a3e900,0x0000000085d80000)
 Metaspace       used 9998K, capacity 10332K, committed 10624K, reserved 1058816K
  class space    used 1209K, capacity 1324K, committed 1408K, reserved 1048576K
}
Event: 4.180 GC heap before
{Heap before GC invocations=2 (full 0):
 PSYoungGen      total 38400K, used 38390K [0x00000000d5800000, 0x00000000d8280000, 0x0000000100000000)
  eden space 33280K, 100% used [0x00000000d5800000,0x00000000d7880000,0x00000000d7880000)
  from space 5120K, 99% used [0x00000000d7880000,0x00000000d7d7d9f0,0x00000000d7d80000)
  to   space 5120K, 0% used [0x00000000d7d80000,0x00000000d7d80000,0x00000000d8280000)
 ParOldGen       total 87552K, used 2298K [0x0000000080800000, 0x0000000085d80000, 0x00000000d5800000)
  object space 87552K, 2% used [0x0000000080800000,0x0000000080a3e900,0x0000000085d80000)
 Metaspace       used 14265K, capacity 14884K, committed 15104K, reserved 1062912K
  class space    used 1879K, capacity 2040K, committed 2048K, reserved 1048576K
Event: 4.201 GC heap after
Heap after GC invocations=2 (full 0):
 PSYoungGen      total 38400K, used 5106K [0x00000000d5800000, 0x00000000d8280000, 0x0000000100000000)
  eden space 33280K, 0% used [0x00000000d5800000,0x00000000d5800000,0x00000000d7880000)
  from space 5120K, 99% used [0x00000000d7d80000,0x00000000d827c8c8,0x00000000d8280000)
  to   space 5120K, 0% used [0x00000000d7880000,0x00000000d7880000,0x00000000d7d80000)
 ParOldGen       total 87552K, used 5580K [0x0000000080800000, 0x0000000085d80000, 0x00000000d5800000)
  object space 87552K, 6% used [0x0000000080800000,0x0000000080d73128,0x0000000085d80000)
 Metaspace       used 14265K, capacity 14884K, committed 15104K, reserved 1062912K
  class space    used 1879K, capacity 2040K, committed 2048K, reserved 1048576K
}
Event: 5.270 GC heap before
{Heap before GC invocations=3 (full 0):
 PSYoungGen      total 38400K, used 38386K [0x00000000d5800000, 0x00000000d8280000, 0x0000000100000000)
  eden space 33280K, 100% used [0x00000000d5800000,0x00000000d7880000,0x00000000d7880000)
  from space 5120K, 99% used [0x00000000d7d80000,0x00000000d827c8c8,0x00000000d8280000)
  to   space 5120K, 0% used [0x00000000d7880000,0x00000000d7880000,0x00000000d7d80000)
 ParOldGen       total 87552K, used 5580K [0x0000000080800000, 0x0000000085d80000, 0x00000000d5800000)
  object space 87552K, 6% used [0x0000000080800000,0x0000000080d73128,0x0000000085d80000)
 Metaspace       used 18950K, capacity 19746K, committed 19840K, reserved 1067008K
  class space    used 2670K, capacity 2865K, committed 2944K, reserved 1048576K
Event: 5.296 GC heap after
Heap after GC invocations=3 (full 0):
 PSYoungGen      total 38400K, used 5108K [0x00000000d5800000, 0x00000000d8280000, 0x0000000100000000)
  eden space 33280K, 0% used [0x00000000d5800000,0x00000000d5800000,0x00000000d7880000)
  from space 5120K, 99% used [0x00000000d7880000,0x00000000d7d7d398,0x00000000d7d80000)
  to   space 5120K, 0% used [0x00000000d7d80000,0x00000000d7d80000,0x00000000d8280000)
 ParOldGen       total 87552K, used 11728K [0x0000000080800000, 0x0000000085d80000, 0x00000000d5800000)
  object space 87552K, 13% used [0x0000000080800000,0x0000000081374260,0x0000000085d80000)
 Metaspace       used 18950K, capacity 19746K, committed 19840K, reserved 1067008K
  class space    used 2670K, capacity 2865K, committed 2944K, reserved 1048576K
}
Event: 5.511 GC heap before
{Heap before GC invocations=4 (full 0):
 PSYoungGen      total 38400K, used 13071K [0x00000000d5800000, 0x00000000d8280000, 0x0000000100000000)
  eden space 33280K, 23% used [0x00000000d5800000,0x00000000d5fc69c8,0x00000000d7880000)
  from space 5120K, 99% used [0x00000000d7880000,0x00000000d7d7d398,0x00000000d7d80000)
  to   space 5120K, 0% used [0x00000000d7d80000,0x00000000d7d80000,0x00000000d8280000)
 ParOldGen       total 87552K, used 11728K [0x0000000080800000, 0x0000000085d80000, 0x00000000d5800000)
  object space 87552K, 13% used [0x0000000080800000,0x0000000081374260,0x0000000085d80000)
 Metaspace       used 20374K, capacity 21158K, committed 21296K, reserved 1067008K
  class space    used 2926K, capacity 3123K, committed 3200K, reserved 1048576K
Event: 5.526 GC heap after
Heap after GC invocations=4 (full 0):
 PSYoungGen      total 38400K, used 5116K [0x00000000d5800000, 0x00000000da300000, 0x0000000100000000)
  eden space 33280K, 0% used [0x00000000d5800000,0x00000000d5800000,0x00000000d7880000)
  from space 5120K, 99% used [0x00000000d7d80000,0x00000000d827f368,0x00000000d8280000)
  to   space 5120K, 0% used [0x00000000d7880000,0x00000000d7880000,0x00000000d7d80000)
 ParOldGen       total 87552K, used 13043K [0x0000000080800000, 0x0000000085d80000, 0x00000000d5800000)
  object space 87552K, 14% used [0x0000000080800000,0x00000000814bce48,0x0000000085d80000)
 Metaspace       used 20374K, capacity 21158K, committed 21296K, reserved 1067008K
  class space    used 2926K, capacity 3123K, committed 3200K, reserved 1048576K
}
Event: 5.526 GC heap before
{Heap before GC invocations=5 (full 1):
 PSYoungGen      total 38400K, used 5116K [0x00000000d5800000, 0x00000000da300000, 0x0000000100000000)
  eden space 33280K, 0% used [0x00000000d5800000,0x00000000d5800000,0x00000000d7880000)
  from space 5120K, 99% used [0x00000000d7d80000,0x00000000d827f368,0x00000000d8280000)
  to   space 5120K, 0% used [0x00000000d7880000,0x00000000d7880000,0x00000000d7d80000)
 ParOldGen       total 87552K, used 13043K [0x0000000080800000, 0x0000000085d80000, 0x00000000d5800000)
  object space 87552K, 14% used [0x0000000080800000,0x00000000814bce48,0x0000000085d80000)
 Metaspace       used 20374K, capacity 21158K, committed 21296K, reserved 1067008K
  class space    used 2926K, capacity 3123K, committed 3200K, reserved 1048576K
Event: 5.661 GC heap after
Heap after GC invocations=5 (full 1):
 PSYoungGen      total 38400K, used 0K [0x00000000d5800000, 0x00000000da300000, 0x0000000100000000)
  eden space 33280K, 0% used [0x00000000d5800000,0x00000000d5800000,0x00000000d7880000)
  from space 5120K, 0% used [0x00000000d7d80000,0x00000000d7d80000,0x00000000d8280000)
  to   space 5120K, 0% used [0x00000000d7880000,0x00000000d7880000,0x00000000d7d80000)
 ParOldGen       total 72192K, used 15683K [0x0000000080800000, 0x0000000084e80000, 0x00000000d5800000)
  object space 72192K, 21% used [0x0000000080800000,0x0000000081750dd8,0x0000000084e80000)
 Metaspace       used 20374K, capacity 21158K, committed 21296K, reserved 1067008K
  class space    used 2926K, capacity 3123K, committed 3200K, reserved 1048576K
}

