# JRE version: Java(TM) SE Runtime Environment (8.0_144-b01) (build 1.8.0_144-b01)
# Java VM: Java HotSpot(TM) 64-Bit Server VM (25.144-b01 mixed mode windows-amd64 compressed oops)
Heap:
 PSYoungGen      total 38400K, used 18545K [0x00000000d5800000, 0x00000000d8280000, 0x0000000100000000)
  eden space 33280K, 44% used [0x00000000d5800000,0x00000000d667ba98,0x00000000d7880000)
  from space 5120K, 72% used [0x00000000d7880000,0x00000000d7c20b20,0x00000000d7d80000)
  to   space 5120K, 0% used [0x00000000d7d80000,0x00000000d7d80000,0x00000000d8280000)
 ParOldGen       total 64512K, used 10035K [0x0000000080800000, 0x0000000084700000, 0x00000000d5800000)
  object space 64512K, 15% used [0x0000000080800000,0x00000000811ccde8,0x0000000084700000)
 Metaspace       used 25978K, capacity 26848K, committed 27008K, reserved 1071104K
  class space    used 4487K, capacity 4688K, committed 4736K, reserved 1048576K
GC Heap History (10 events):
Event: 17.480 GC heap before
{Heap before GC invocations=2 (full 0):
 PSYoungGen      total 38400K, used 38374K [0x00000000d5800000, 0x00000000d8280000, 0x0000000100000000)
  eden space 33280K, 100% used [0x00000000d5800000,0x00000000d7880000,0x00000000d7880000)
  from space 5120K, 99% used [0x00000000d7880000,0x00000000d7d79a00,0x00000000d7d80000)
  to   space 5120K, 0% used [0x00000000d7d80000,0x00000000d7d80000,0x00000000d8280000)
 ParOldGen       total 87552K, used 2286K [0x0000000080800000, 0x0000000085d80000, 0x00000000d5800000)
  object space 87552K, 2% used [0x0000000080800000,0x0000000080a3bb90,0x0000000085d80000)
 Metaspace       used 14245K, capacity 14880K, committed 15104K, reserved 1062912K
  class space    used 1880K, capacity 2040K, committed 2048K, reserved 1048576K
Event: 17.507 GC heap after
Heap after GC invocations=2 (full 0):
 PSYoungGen      total 38400K, used 5114K [0x00000000d5800000, 0x00000000d8280000, 0x0000000100000000)
  eden space 33280K, 0% used [0x00000000d5800000,0x00000000d5800000,0x00000000d7880000)
  from space 5120K, 99% used [0x00000000d7d80000,0x00000000d827e8c8,0x00000000d8280000)
  to   space 5120K, 0% used [0x00000000d7880000,0x00000000d7880000,0x00000000d7d80000)
 ParOldGen       total 87552K, used 5585K [0x0000000080800000, 0x0000000085d80000, 0x00000000d5800000)
  object space 87552K, 6% used [0x0000000080800000,0x0000000080d74528,0x0000000085d80000)
 Metaspace       used 14245K, capacity 14880K, committed 15104K, reserved 1062912K
  class space    used 1880K, capacity 2040K, committed 2048K, reserved 1048576K
}
Event: 22.168 GC heap before
{Heap before GC invocations=3 (full 0):
 PSYoungGen      total 38400K, used 38394K [0x00000000d5800000, 0x00000000d8280000, 0x0000000100000000)
  eden space 33280K, 100% used [0x00000000d5800000,0x00000000d7880000,0x00000000d7880000)
  from space 5120K, 99% used [0x00000000d7d80000,0x00000000d827e8c8,0x00000000d8280000)
  to   space 5120K, 0% used [0x00000000d7880000,0x00000000d7880000,0x00000000d7d80000)
 ParOldGen       total 87552K, used 5585K [0x0000000080800000, 0x0000000085d80000, 0x00000000d5800000)
  object space 87552K, 6% used [0x0000000080800000,0x0000000080d74528,0x0000000085d80000)
 Metaspace       used 18927K, capacity 19746K, committed 19840K, reserved 1067008K
  class space    used 2669K, capacity 2865K, committed 2944K, reserved 1048576K
Event: 22.204 GC heap after
Heap after GC invocations=3 (full 0):
 PSYoungGen      total 38400K, used 5102K [0x00000000d5800000, 0x00000000d8280000, 0x0000000100000000)
  eden space 33280K, 0% used [0x00000000d5800000,0x00000000d5800000,0x00000000d7880000)
  from space 5120K, 99% used [0x00000000d7880000,0x00000000d7d7bb98,0x00000000d7d80000)
  to   space 5120K, 0% used [0x00000000d7d80000,0x00000000d7d80000,0x00000000d8280000)
 ParOldGen       total 87552K, used 11683K [0x0000000080800000, 0x0000000085d80000, 0x00000000d5800000)
  object space 87552K, 13% used [0x0000000080800000,0x0000000081368cf8,0x0000000085d80000)
 Metaspace       used 18927K, capacity 19746K, committed 19840K, reserved 1067008K
  class space    used 2669K, capacity 2865K, committed 2944K, reserved 1048576K
}
Event: 23.427 GC heap before
{Heap before GC invocations=4 (full 0):
 PSYoungGen      total 38400K, used 13290K [0x00000000d5800000, 0x00000000d8280000, 0x0000000100000000)
  eden space 33280K, 24% used [0x00000000d5800000,0x00000000d5ffef98,0x00000000d7880000)
  from space 5120K, 99% used [0x00000000d7880000,0x00000000d7d7bb98,0x00000000d7d80000)
  to   space 5120K, 0% used [0x00000000d7d80000,0x00000000d7d80000,0x00000000d8280000)
 ParOldGen       total 87552K, used 11683K [0x0000000080800000, 0x0000000085d80000, 0x00000000d5800000)
  object space 87552K, 13% used [0x0000000080800000,0x0000000081368cf8,0x0000000085d80000)
 Metaspace       used 20373K, capacity 21158K, committed 21296K, reserved 1067008K
  class space    used 2926K, capacity 3123K, committed 3200K, reserved 1048576K
Event: 23.453 GC heap after
Heap after GC invocations=4 (full 0):
 PSYoungGen      total 38400K, used 5118K [0x00000000d5800000, 0x00000000d8280000, 0x0000000100000000)
  eden space 33280K, 0% used [0x00000000d5800000,0x00000000d5800000,0x00000000d7880000)
  from space 5120K, 99% used [0x00000000d7d80000,0x00000000d827fb88,0x00000000d8280000)
  to   space 5120K, 0% used [0x00000000d7880000,0x00000000d7880000,0x00000000d7d80000)
 ParOldGen       total 87552K, used 12962K [0x0000000080800000, 0x0000000085d80000, 0x00000000d5800000)
  object space 87552K, 14% used [0x0000000080800000,0x00000000814a89c8,0x0000000085d80000)
 Metaspace       used 20373K, capacity 21158K, committed 21296K, reserved 1067008K
  class space    used 2926K, capacity 3123K, committed 3200K, reserved 1048576K
}
Event: 23.453 GC heap before
{Heap before GC invocations=5 (full 1):
 PSYoungGen      total 38400K, used 5118K [0x00000000d5800000, 0x00000000d8280000, 0x0000000100000000)
  eden space 33280K, 0% used [0x00000000d5800000,0x00000000d5800000,0x00000000d7880000)
  from space 5120K, 99% used [0x00000000d7d80000,0x00000000d827fb88,0x00000000d8280000)
  to   space 5120K, 0% used [0x00000000d7880000,0x00000000d7880000,0x00000000d7d80000)
 ParOldGen       total 87552K, used 12962K [0x0000000080800000, 0x0000000085d80000, 0x00000000d5800000)
  object space 87552K, 14% used [0x0000000080800000,0x00000000814a89c8,0x0000000085d80000)
 Metaspace       used 20373K, capacity 21158K, committed 21296K, reserved 1067008K
  class space    used 2926K, capacity 3123K, committed 3200K, reserved 1048576K
Event: 23.613 GC heap after
Heap after GC invocations=5 (full 1):
 PSYoungGen      total 38400K, used 0K [0x00000000d5800000, 0x00000000d8280000, 0x0000000100000000)
  eden space 33280K, 0% used [0x00000000d5800000,0x00000000d5800000,0x00000000d7880000)
  from space 5120K, 0% used [0x00000000d7d80000,0x00000000d7d80000,0x00000000d8280000)
  to   space 5120K, 0% used [0x00000000d7880000,0x00000000d7880000,0x00000000d7d80000)
 ParOldGen       total 64512K, used 10027K [0x0000000080800000, 0x0000000084700000, 0x00000000d5800000)
  object space 64512K, 15% used [0x0000000080800000,0x00000000811cade8,0x0000000084700000)
 Metaspace       used 20373K, capacity 21158K, committed 21296K, reserved 1067008K
  class space    used 2926K, capacity 3123K, committed 3200K, reserved 1048576K
}
Event: 25.355 GC heap before
{Heap before GC invocations=6 (full 1):
 PSYoungGen      total 38400K, used 33280K [0x00000000d5800000, 0x00000000d8280000, 0x0000000100000000)
  eden space 33280K, 100% used [0x00000000d5800000,0x00000000d7880000,0x00000000d7880000)
  from space 5120K, 0% used [0x00000000d7d80000,0x00000000d7d80000,0x00000000d8280000)
  to   space 5120K, 0% used [0x00000000d7880000,0x00000000d7880000,0x00000000d7d80000)
 ParOldGen       total 64512K, used 10027K [0x0000000080800000, 0x0000000084700000, 0x00000000d5800000)
  object space 64512K, 15% used [0x0000000080800000,0x00000000811cade8,0x0000000084700000)
 Metaspace       used 24275K, capacity 25206K, committed 25472K, reserved 1071104K
  class space    used 4187K, capacity 4397K, committed 4480K, reserved 1048576K
Event: 25.365 GC heap after
Heap after GC invocations=6 (full 1):
 PSYoungGen      total 38400K, used 3714K [0x00000000d5800000, 0x00000000d8280000, 0x0000000100000000)
  eden space 33280K, 0% used [0x00000000d5800000,0x00000000d5800000,0x00000000d7880000)
  from space 5120K, 72% used [0x00000000d7880000,0x00000000d7c20b20,0x00000000d7d80000)
  to   space 5120K, 0% used [0x00000000d7d80000,0x00000000d7d80000,0x00000000d8280000)
 ParOldGen       total 64512K, used 10035K [0x0000000080800000, 0x0000000084700000, 0x00000000d5800000)
  object space 64512K, 15% used [0x0000000080800000,0x00000000811ccde8,0x0000000084700000)
 Metaspace       used 24275K, capacity 25206K, committed 25472K, reserved 1071104K
  class space    used 4187K, capacity 4397K, committed 4480K, reserved 1048576K
}

